{"/workspace/exercise-unit-test-with-jest/app.js": {"path":"/workspace/exercise-unit-test-with-jest/app.js","statementMap":{"0":{"start":{"line":1,"column":16},"end":{"line":5,"column":1}},"1":{"start":{"line":10,"column":16},"end":{"line":10,"column":26}},"2":{"start":{"line":11,"column":14},"end":{"line":11,"column":25}},"3":{"start":{"line":12,"column":4},"end":{"line":12,"column":15}},"4":{"start":{"line":17,"column":16},"end":{"line":17,"column":26}},"5":{"start":{"line":18,"column":4},"end":{"line":18,"column":17}},"6":{"start":{"line":24,"column":16},"end":{"line":24,"column":25}},"7":{"start":{"line":25,"column":16},"end":{"line":25,"column":25}},"8":{"start":{"line":26,"column":4},"end":{"line":26,"column":17}},"9":{"start":{"line":33,"column":0},"end":{"line":33,"column":68}}},"fnMap":{"0":{"name":"fromDollarToYen","decl":{"start":{"line":9,"column":9},"end":{"line":9,"column":24}},"loc":{"start":{"line":9,"column":32},"end":{"line":13,"column":1}},"line":9},"1":{"name":"fromEuroToDollar","decl":{"start":{"line":15,"column":9},"end":{"line":15,"column":25}},"loc":{"start":{"line":15,"column":31},"end":{"line":20,"column":1}},"line":15},"2":{"name":"fromYenToPound","decl":{"start":{"line":22,"column":9},"end":{"line":22,"column":23}},"loc":{"start":{"line":22,"column":28},"end":{"line":28,"column":1}},"line":22}},"branchMap":{},"s":{"0":1,"1":1,"2":1,"3":1,"4":1,"5":1,"6":1,"7":1,"8":1,"9":1},"f":{"0":1,"1":1,"2":1},"b":{},"_coverageSchema":"1a1c01bbd47fc00a2c39e90264f33305004495a9","hash":"663499a1955982732b9081b14c9351f862eee073"}
}
